[debug] [2025-12-12T08:59:19.194Z] ----------------------------------------------------------------------
[debug] [2025-12-12T08:59:19.200Z] Command:       C:\Program Files\nodejs\node.exe C:\Users\lenovo\AppData\Roaming\npm\node_modules\firebase-tools\lib\bin\firebase.js init
[debug] [2025-12-12T08:59:19.201Z] CLI Version:   15.0.0
[debug] [2025-12-12T08:59:19.201Z] Platform:      win32
[debug] [2025-12-12T08:59:19.201Z] Node Version:  v22.20.0
[debug] [2025-12-12T08:59:19.202Z] Time:          Fri Dec 12 2025 14:29:19 GMT+0530 (India Standard Time)
[debug] [2025-12-12T08:59:19.202Z] ----------------------------------------------------------------------
[debug] 
[info] 
     ######## #### ########  ######## ########     ###     ######  ########
     ##        ##  ##     ## ##       ##     ##  ##   ##  ##       ##
     ######    ##  ########  ######   ########  #########  ######  ######
     ##        ##  ##    ##  ##       ##     ## ##     ##       ## ##
     ##       #### ##     ## ######## ########  ##     ##  ######  ########

You're about to initialize a Firebase project in this directory:

  D:\4thYearProject\AgriGuardMajor\frontend

[info] 
=== Project Setup
[info] 
[info] First, let's associate this project directory with a Firebase project.
[info] You can create multiple project aliases by running firebase use --add, 
[info] 
[debug] [2025-12-12T08:59:50.730Z] > command requires scopes: ["email","openid","https://www.googleapis.com/auth/cloudplatformprojects.readonly","https://www.googleapis.com/auth/firebase","https://www.googleapis.com/auth/cloud-platform"]
[debug] [2025-12-12T08:59:50.730Z] > authorizing via signed-in user (agriguard.services@gmail.com)
[debug] [2025-12-12T08:59:50.732Z] Checked if tokens are valid: true, expires at: 1765533362972
[debug] [2025-12-12T08:59:50.732Z] Checked if tokens are valid: true, expires at: 1765533362972
[debug] [2025-12-12T08:59:50.734Z] >>> [apiv2][query] GET https://firebase.googleapis.com/v1beta1/projects/agriguard-218f5 [none]
[debug] [2025-12-12T08:59:52.318Z] <<< [apiv2][status] GET https://firebase.googleapis.com/v1beta1/projects/agriguard-218f5 200
[debug] [2025-12-12T08:59:52.319Z] <<< [apiv2][body] GET https://firebase.googleapis.com/v1beta1/projects/agriguard-218f5 {"projectId":"agriguard-218f5","projectNumber":"788297548454","displayName":"AgriGuard","name":"projects/agriguard-218f5","resources":{"hostingSite":"agriguard-218f5"},"state":"ACTIVE","etag":"1_10372678-2763-4254-a7ee-de0d5b1b0984"}
[info] i  Using project agriguard-218f5 (AgriGuard) . 
[info] 
=== Hosting Setup
[debug] [2025-12-12T08:59:52.333Z] Checked if tokens are valid: true, expires at: 1765533362972
[debug] [2025-12-12T08:59:52.333Z] Checked if tokens are valid: true, expires at: 1765533362972
[debug] [2025-12-12T08:59:52.334Z] >>> [apiv2][query] GET https://firebase.googleapis.com/v1beta1/projects/agriguard-218f5 [none]
[debug] [2025-12-12T08:59:52.794Z] <<< [apiv2][status] GET https://firebase.googleapis.com/v1beta1/projects/agriguard-218f5 200
[debug] [2025-12-12T08:59:52.794Z] <<< [apiv2][body] GET https://firebase.googleapis.com/v1beta1/projects/agriguard-218f5 {"projectId":"agriguard-218f5","projectNumber":"788297548454","displayName":"AgriGuard","name":"projects/agriguard-218f5","resources":{"hostingSite":"agriguard-218f5"},"state":"ACTIVE","etag":"1_10372678-2763-4254-a7ee-de0d5b1b0984"}
[info] 
[info] Your public directory is the folder (relative to your project directory) that
[info] will contain Hosting assets to be uploaded with firebase deploy. If you
[info] have a build process for your assets, use your build's output directory.
[info] 
